#-----------------------------------------------------------
# Vivado v2020.2 (64-bit)
# SW Build 3064766 on Wed Nov 18 09:12:47 MST 2020
# IP Build 3064653 on Wed Nov 18 14:17:31 MST 2020
# Start of session at: Thu Jul 14 13:56:06 2022
# Process ID: 3899
# Current directory: /home/raesangur/github/ppu
# Command line: vivado
# Log file: /home/raesangur/github/ppu/vivado.log
# Journal file: /home/raesangur/github/ppu/vivado.jou
#-----------------------------------------------------------
start_gui
open_project /home/raesangur/github/ppu/vivado/vivado.xpr
WARNING: [filemgmt 56-3] Default IP Output Path : Could not find the directory '/home/raesangur/github/ppu/vivado/vivado.gen/sources_1'.
Scanning sources...
Finished scanning sources
INFO: [IP_Flow 19-234] Refreshing IP repositories
INFO: [IP_Flow 19-1704] No user IP repositories specified
INFO: [IP_Flow 19-2313] Loaded Vivado IP repository '/usr/share/Xilinx/Vivado/2020.2/data/ip'.
INFO: [IP_Flow 19-3899] Cannot get the environment domain name variable for the component vendor name. Setting the vendor name to 'user.org'.
update_compile_order -fileset sources_1
add_files -norecurse /home/raesangur/github/ppu/tile_package.vhd
update_compile_order -fileset sources_1
set_property file_type {VHDL 2008} [get_files  /home/raesangur/github/ppu/tile_package.vhd]
update_compile_order -fileset sources_1
update_compile_order -fileset sources_1
update_compile_order -fileset sources_1
update_compile_order -fileset sources_1
update_compile_order -fileset sources_1
update_compile_order -fileset sources_1
